Determining if the pthread_create exist failed with the following output:
Change Dir: /home/zafiron/JuegoGrafica/cmake-build-debug/CMakeFiles/CMakeTmp

Run Build Command:"/usr/bin/make" "cmTC_ad8a9/fast"
/usr/bin/make -f CMakeFiles/cmTC_ad8a9.dir/build.make CMakeFiles/cmTC_ad8a9.dir/build
make[1]: se entra en el directorio '/home/zafiron/JuegoGrafica/cmake-build-debug/CMakeFiles/CMakeTmp'
Building C object CMakeFiles/cmTC_ad8a9.dir/CheckSymbolExists.c.o
/usr/bin/cc     -o CMakeFiles/cmTC_ad8a9.dir/CheckSymbolExists.c.o   -c /home/zafiron/JuegoGrafica/cmake-build-debug/CMakeFiles/CMakeTmp/CheckSymbolExists.c
Linking C executable cmTC_ad8a9
/opt/clion/bin/cmake/bin/cmake -E cmake_link_script CMakeFiles/cmTC_ad8a9.dir/link.txt --verbose=1
/usr/bin/cc       CMakeFiles/cmTC_ad8a9.dir/CheckSymbolExists.c.o  -o cmTC_ad8a9 -rdynamic 
CMakeFiles/cmTC_ad8a9.dir/CheckSymbolExists.c.o: En la función `main':
CheckSymbolExists.c:(.text+0x16): referencia a `pthread_create' sin definir
collect2: error: ld devolvió el estado de salida 1
make[1]: *** [CMakeFiles/cmTC_ad8a9.dir/build.make:98: cmTC_ad8a9] Error 1
make[1]: se sale del directorio '/home/zafiron/JuegoGrafica/cmake-build-debug/CMakeFiles/CMakeTmp'
make: *** [Makefile:126: cmTC_ad8a9/fast] Error 2

File /home/zafiron/JuegoGrafica/cmake-build-debug/CMakeFiles/CMakeTmp/CheckSymbolExists.c:
/* */
#include <pthread.h>

int main(int argc, char** argv)
{
  (void)argv;
#ifndef pthread_create
  return ((int*)(&pthread_create))[argc];
#else
  (void)argc;
  return 0;
#endif
}

Determining if the function pthread_create exists in the pthreads failed with the following output:
Change Dir: /home/zafiron/JuegoGrafica/cmake-build-debug/CMakeFiles/CMakeTmp

Run Build Command:"/usr/bin/make" "cmTC_10320/fast"
/usr/bin/make -f CMakeFiles/cmTC_10320.dir/build.make CMakeFiles/cmTC_10320.dir/build
make[1]: se entra en el directorio '/home/zafiron/JuegoGrafica/cmake-build-debug/CMakeFiles/CMakeTmp'
Building C object CMakeFiles/cmTC_10320.dir/CheckFunctionExists.c.o
/usr/bin/cc    -DCHECK_FUNCTION_EXISTS=pthread_create   -o CMakeFiles/cmTC_10320.dir/CheckFunctionExists.c.o   -c /opt/clion/bin/cmake/share/cmake-3.7/Modules/CheckFunctionExists.c
Linking C executable cmTC_10320
/opt/clion/bin/cmake/bin/cmake -E cmake_link_script CMakeFiles/cmTC_10320.dir/link.txt --verbose=1
/usr/bin/cc   -DCHECK_FUNCTION_EXISTS=pthread_create    CMakeFiles/cmTC_10320.dir/CheckFunctionExists.c.o  -o cmTC_10320 -rdynamic -lpthreads 
/usr/bin/ld: no se puede encontrar -lpthreads
collect2: error: ld devolvió el estado de salida 1
make[1]: *** [CMakeFiles/cmTC_10320.dir/build.make:98: cmTC_10320] Error 1
make[1]: se sale del directorio '/home/zafiron/JuegoGrafica/cmake-build-debug/CMakeFiles/CMakeTmp'
make: *** [Makefile:126: cmTC_10320/fast] Error 2


